#
# There is insufficient memory for the Java Runtime Environment to continue.
# Native memory allocation (malloc) failed to allocate 1089376 bytes for Chunk::new
# Possible reasons:
#   The system is out of physical RAM or swap space
#   The process is running with CompressedOops enabled, and the Java Heap may be blocking the growth of the native heap
# Possible solutions:
#   Reduce memory load on the system
#   Increase physical memory or swap space
#   Check if swap backing store is full
#   Decrease Java heap size (-Xmx/-Xms)
#   Decrease number of Java threads
#   Decrease Java thread stack sizes (-Xss)
#   Set larger code cache with -XX:ReservedCodeCacheSize=
#   JVM is running with Unscaled Compressed Oops mode in which the Java heap is
#     placed in the first 4GB address space. The Java Heap base address is the
#     maximum limit for the native heap growth. Please use -XX:HeapBaseMinAddress
#     to set the Java Heap base and to place the Java Heap above 4GB virtual address.
# This output file may be truncated or incomplete.
#
#  Out of Memory Error (./src/hotspot/share/memory/arena.cpp:197), pid=15856, tid=9576
#
# JRE version: OpenJDK Runtime Environment (11.0.10) (build 11.0.10+0-b96-7249189)
# Java VM: OpenJDK 64-Bit Server VM (11.0.10+0-b96-7249189, mixed mode, tiered, compressed oops, g1 gc, windows-amd64)
# No core dump will be written. Minidumps are not enabled by default on client versions of Windows
#

---------------  S U M M A R Y ------------

Command Line: --add-opens=java.base/java.util=ALL-UNNAMED --add-opens=java.base/java.lang=ALL-UNNAMED --add-opens=java.base/java.lang.invoke=ALL-UNNAMED --add-opens=java.base/java.util=ALL-UNNAMED --add-opens=java.prefs/java.util.prefs=ALL-UNNAMED --add-opens=java.prefs/java.util.prefs=ALL-UNNAMED --add-opens=java.base/java.nio.charset=ALL-UNNAMED --add-opens=java.base/java.net=ALL-UNNAMED --add-opens=java.base/java.util.concurrent.atomic=ALL-UNNAMED -Xmx1536m -Dfile.encoding=windows-1252 -Duser.country=US -Duser.language=en -Duser.variant org.gradle.launcher.daemon.bootstrap.GradleDaemon 7.0.2

Host: Intel(R) Core(TM) i5-4200M CPU @ 2.50GHz, 4 cores, 7G,  Windows 10 , 64 bit Build 19041 (10.0.19041.1023)
Time: Mon Aug  9 16:20:54 2021 Bangladesh Standard Time elapsed time: 3.823987 seconds (0d 0h 0m 3s)

---------------  T H R E A D  ---------------

Current thread (0x000001fe1a4be800):  JavaThread "C2 CompilerThread0" daemon [_thread_in_native, id=9576, stack(0x000000631eb00000,0x000000631ec00000)]


Current CompileTask:
C2:   3824 2179       4       java.net.URLClassLoader$1::run (5 bytes)

Stack: [0x000000631eb00000,0x000000631ec00000]
Native frames: (J=compiled Java code, j=interpreted, Vv=VM code, C=native code)
V  [jvm.dll+0x5ecfaa]
V  [jvm.dll+0x722bd5]
V  [jvm.dll+0x72412d]
V  [jvm.dll+0x7247e3]
V  [jvm.dll+0x242928]
V  [jvm.dll+0xbc4fc]
V  [jvm.dll+0xbca0c]
V  [jvm.dll+0x2b4fd4]
V  [jvm.dll+0x506028]
V  [jvm.dll+0x203253]
V  [jvm.dll+0x1fd07c]
V  [jvm.dll+0x1fa77f]
V  [jvm.dll+0x18354c]
V  [jvm.dll+0x208ee7]
V  [jvm.dll+0x207731]
V  [jvm.dll+0x6eb1cf]
V  [jvm.dll+0x6e3d45]
V  [jvm.dll+0x5ebe96]
C  [ucrtbase.dll+0x21bb2]
C  [KERNEL32.DLL+0x17034]
C  [ntdll.dll+0x52651]


---------------  P R O C E S S  ---------------

Threads class SMR info:
_java_thread_list=0x000001fe1d2a9030, length=28, elements={
0x000001fe01429000, 0x000001fe1a493000, 0x000001fe1a497000, 0x000001fe1a4b2800,
0x000001fe1a4b4000, 0x000001fe1a4b5800, 0x000001fe1a4be800, 0x000001fe1a4c3800,
0x000001fe1a4cf800, 0x000001fe1af80800, 0x000001fe1c333000, 0x000001fe1cc81000,
0x000001fe1dda0800, 0x000001fe1d133800, 0x000001fe1d367000, 0x000001fe1cd5c000,
0x000001fe1d0ed000, 0x000001fe1d0ee000, 0x000001fe1d451800, 0x000001fe1cf79800,
0x000001fe1cf7b800, 0x000001fe1cf7c000, 0x000001fe1cf7d000, 0x000001fe1d326800,
0x000001fe1cf7a800, 0x000001fe1cf7e800, 0x000001fe1cf7d800, 0x000001fe1cf7f800
}

Java Threads: ( => current thread )
  0x000001fe01429000 JavaThread "main" [_thread_blocked, id=14560, stack(0x000000631df00000,0x000000631e000000)]
  0x000001fe1a493000 JavaThread "Reference Handler" daemon [_thread_blocked, id=12608, stack(0x000000631e600000,0x000000631e700000)]
  0x000001fe1a497000 JavaThread "Finalizer" daemon [_thread_blocked, id=9836, stack(0x000000631e700000,0x000000631e800000)]
  0x000001fe1a4b2800 JavaThread "Signal Dispatcher" daemon [_thread_blocked, id=9240, stack(0x000000631e800000,0x000000631e900000)]
  0x000001fe1a4b4000 JavaThread "Attach Listener" daemon [_thread_blocked, id=11752, stack(0x000000631e900000,0x000000631ea00000)]
  0x000001fe1a4b5800 JavaThread "Service Thread" daemon [_thread_blocked, id=8176, stack(0x000000631ea00000,0x000000631eb00000)]
=>0x000001fe1a4be800 JavaThread "C2 CompilerThread0" daemon [_thread_in_native, id=9576, stack(0x000000631eb00000,0x000000631ec00000)]
  0x000001fe1a4c3800 JavaThread "C1 CompilerThread0" daemon [_thread_blocked, id=9376, stack(0x000000631ec00000,0x000000631ed00000)]
  0x000001fe1a4cf800 JavaThread "Sweeper thread" daemon [_thread_blocked, id=2280, stack(0x000000631ed00000,0x000000631ee00000)]
  0x000001fe1af80800 JavaThread "Common-Cleaner" daemon [_thread_blocked, id=13816, stack(0x000000631ee00000,0x000000631ef00000)]
  0x000001fe1c333000 JavaThread "Daemon health stats" [_thread_blocked, id=14552, stack(0x000000631f300000,0x000000631f400000)]
  0x000001fe1cc81000 JavaThread "Incoming local TCP Connector on port 61701" [_thread_in_native, id=13564, stack(0x000000631f000000,0x000000631f100000)]
  0x000001fe1dda0800 JavaThread "Daemon periodic checks" [_thread_blocked, id=6760, stack(0x000000631f400000,0x000000631f500000)]
  0x000001fe1d133800 JavaThread "Daemon" [_thread_blocked, id=13992, stack(0x000000631f500000,0x000000631f600000)]
  0x000001fe1d367000 JavaThread "Handler for socket connection from /127.0.0.1:61701 to /127.0.0.1:61702" [_thread_in_native, id=13444, stack(0x000000631f600000,0x000000631f700000)]
  0x000001fe1cd5c000 JavaThread "Cancel handler" [_thread_blocked, id=6112, stack(0x000000631f700000,0x000000631f800000)]
  0x000001fe1d0ed000 JavaThread "Daemon worker" [_thread_in_native, id=10008, stack(0x000000631f800000,0x000000631f900000)]
  0x000001fe1d0ee000 JavaThread "Asynchronous log dispatcher for DefaultDaemonConnection: socket connection from /127.0.0.1:61701 to /127.0.0.1:61702" [_thread_blocked, id=11680, stack(0x000000631f900000,0x000000631fa00000)]
  0x000001fe1d451800 JavaThread "Stdin handler" [_thread_blocked, id=5836, stack(0x000000631fa00000,0x000000631fb00000)]
  0x000001fe1cf79800 JavaThread "Daemon client event forwarder" [_thread_blocked, id=12484, stack(0x000000631fb00000,0x000000631fc00000)]
  0x000001fe1cf7b800 JavaThread "Cache worker for file hash cache (C:\Users\hazza\.gradle\caches\7.0.2\fileHashes)" [_thread_blocked, id=16056, stack(0x000000631fc00000,0x000000631fd00000)]
  0x000001fe1cf7c000 JavaThread "File lock request listener" [_thread_in_native, id=13464, stack(0x000000631fd00000,0x000000631fe00000)]
  0x000001fe1cf7d000 JavaThread "Cache worker for journal cache (C:\Users\hazza\.gradle\caches\journal-1)" [_thread_blocked, id=9340, stack(0x000000631ff00000,0x0000006320000000)]
  0x000001fe1d326800 JavaThread "C2 CompilerThread1" daemon [_thread_in_native, id=13448, stack(0x0000006320000000,0x0000006320100000)]
  0x000001fe1cf7a800 JavaThread "File lock release action executor" [_thread_blocked, id=7044, stack(0x0000006320100000,0x0000006320200000)]
  0x000001fe1cf7e800 JavaThread "Cache worker for file hash cache (C:\Users\hazza\AndroidStudioProjects\myCounter\.gradle\7.0.2\fileHashes)" [_thread_blocked, id=10872, stack(0x0000006320200000,0x0000006320300000)]
  0x000001fe1cf7d800 JavaThread "File watcher server" daemon [_thread_in_native, id=3444, stack(0x0000006320300000,0x0000006320400000)]
  0x000001fe1cf7f800 JavaThread "File watcher consumer" daemon [_thread_blocked, id=14892, stack(0x0000006320400000,0x0000006320500000)]

Other Threads:
  0x000001fe1a46d000 VMThread "VM Thread" [stack: 0x000000631e500000,0x000000631e600000] [id=15408]
  0x000001fe1afa6000 WatcherThread [stack: 0x000000631ef00000,0x000000631f000000] [id=12032]
  0x000001fe01441800 GCTaskThread "GC Thread#0" [stack: 0x000000631e000000,0x000000631e100000] [id=15332]
  0x000001fe1b36d000 GCTaskThread "GC Thread#1" [stack: 0x000000631f100000,0x000000631f200000] [id=1484]
  0x000001fe1bcc7000 GCTaskThread "GC Thread#2" [stack: 0x000000631f200000,0x000000631f300000] [id=14432]
  0x000001fe1e519800 GCTaskThread "GC Thread#3" [stack: 0x000000631fe00000,0x000000631ff00000] [id=17276]
  0x000001fe01468000 ConcurrentGCThread "G1 Main Marker" [stack: 0x000000631e100000,0x000000631e200000] [id=14924]
  0x000001fe01469800 ConcurrentGCThread "G1 Conc#0" [stack: 0x000000631e200000,0x000000631e300000] [id=6008]
  0x000001fe014f8800 ConcurrentGCThread "G1 Refine#0" [stack: 0x000000631e300000,0x000000631e400000] [id=12408]
  0x000001fe014f9800 ConcurrentGCThread "G1 Young RemSet Sampling" [stack: 0x000000631e400000,0x000000631e500000] [id=7444]

Threads with active compile tasks:
C2 CompilerThread0   4007 2179       4       java.net.URLClassLoader$1::run (5 bytes)
C2 CompilerThread1   4007 2180   !   4       java.net.URLClassLoader$1::run (63 bytes)

VM state:not at safepoint (normal execution)

VM Mutex/Monitor currently owned by a thread: None

Heap address: 0x00000000a0000000, size: 1536 MB, Compressed Oops mode: 32-bit
Narrow klass base: 0x0000000000000000, Narrow klass shift: 3
Compressed class space size: 1073741824 Address: 0x0000000100000000

Heap:
 garbage-first heap   total 131072K, used 65626K [0x00000000a0000000, 0x0000000100000000)
  region size 1024K, 58 young (59392K), 9 survivors (9216K)
 Metaspace       used 25935K, capacity 26556K, committed 26752K, reserved 1073152K
  class space    used 3396K, capacity 3633K, committed 3712K, reserved 1048576K
Heap Regions: E=young(eden), S=young(survivor), O=old, HS=humongous(starts), HC=humongous(continues), CS=collection set, F=free, A=archive, TAMS=top-at-mark-start (previous, next)
|   0|0x00000000a0000000, 0x00000000a0100000, 0x00000000a0100000|100%| O|  |TAMS 0x00000000a0100000, 0x00000000a0000000| Untracked 
|   1|0x00000000a0100000, 0x00000000a01b1000, 0x00000000a0200000| 69%| O|  |TAMS 0x00000000a01b1000, 0x00000000a0100000| Untracked 
|   2|0x00000000a0200000, 0x00000000a0200000, 0x00000000a0300000|  0%| F|  |TAMS 0x00000000a0200000, 0x00000000a0200000| Untracked 
|   3|0x00000000a0300000, 0x00000000a0400000, 0x00000000a0400000|100%|HS|  |TAMS 0x00000000a0400000, 0x00000000a0300000| Complete 
|   4|0x00000000a0400000, 0x00000000a0500000, 0x00000000a0500000|100%|HC|  |TAMS 0x00000000a0500000, 0x00000000a0400000| Complete 
|   5|0x00000000a0500000, 0x00000000a0600000, 0x00000000a0600000|100%|HC|  |TAMS 0x00000000a0600000, 0x00000000a0500000| Complete 
|   6|0x00000000a0600000, 0x00000000a0700000, 0x00000000a0700000|100%| O|  |TAMS 0x00000000a0700000, 0x00000000a0600000| Untracked 
|   7|0x00000000a0700000, 0x00000000a0800000, 0x00000000a0800000|100%| O|  |TAMS 0x00000000a0800000, 0x00000000a0700000| Untracked 
|   8|0x00000000a0800000, 0x00000000a0900000, 0x00000000a0900000|100%| O|  |TAMS 0x00000000a0900000, 0x00000000a0800000| Untracked 
|   9|0x00000000a0900000, 0x00000000a0900000, 0x00000000a0a00000|  0%| F|  |TAMS 0x00000000a0900000, 0x00000000a0900000| Untracked 
|  10|0x00000000a0a00000, 0x00000000a0a00000, 0x00000000a0b00000|  0%| F|  |TAMS 0x00000000a0a00000, 0x00000000a0a00000| Untracked 
|  11|0x00000000a0b00000, 0x00000000a0b00000, 0x00000000a0c00000|  0%| F|  |TAMS 0x00000000a0b00000, 0x00000000a0b00000| Untracked 
|  12|0x00000000a0c00000, 0x00000000a0c00000, 0x00000000a0d00000|  0%| F|  |TAMS 0x00000000a0c00000, 0x00000000a0c00000| Untracked 
|  13|0x00000000a0d00000, 0x00000000a0d00000, 0x00000000a0e00000|  0%| F|  |TAMS 0x00000000a0d00000, 0x00000000a0d00000| Untracked 
|  14|0x00000000a0e00000, 0x00000000a0e00000, 0x00000000a0f00000|  0%| F|  |TAMS 0x00000000a0e00000, 0x00000000a0e00000| Untracked 
|  15|0x00000000a0f00000, 0x00000000a0f00000, 0x00000000a1000000|  0%| F|  |TAMS 0x00000000a0f00000, 0x00000000a0f00000| Untracked 
|  16|0x00000000a1000000, 0x00000000a1000000, 0x00000000a1100000|  0%| F|  |TAMS 0x00000000a1000000, 0x00000000a1000000| Untracked 
|  17|0x00000000a1100000, 0x00000000a1100000, 0x00000000a1200000|  0%| F|  |TAMS 0x00000000a1100000, 0x00000000a1100000| Untracked 
|  18|0x00000000a1200000, 0x00000000a1200000, 0x00000000a1300000|  0%| F|  |TAMS 0x00000000a1200000, 0x00000000a1200000| Untracked 
|  19|0x00000000a1300000, 0x00000000a1300000, 0x00000000a1400000|  0%| F|  |TAMS 0x00000000a1300000, 0x00000000a1300000| Untracked 
|  20|0x00000000a1400000, 0x00000000a1400000, 0x00000000a1500000|  0%| F|  |TAMS 0x00000000a1400000, 0x00000000a1400000| Untracked 
|  21|0x00000000a1500000, 0x00000000a1500000, 0x00000000a1600000|  0%| F|  |TAMS 0x00000000a1500000, 0x00000000a1500000| Untracked 
|  22|0x00000000a1600000, 0x00000000a1600000, 0x00000000a1700000|  0%| F|  |TAMS 0x00000000a1600000, 0x00000000a1600000| Untracked 
|  23|0x00000000a1700000, 0x00000000a1700000, 0x00000000a1800000|  0%| F|  |TAMS 0x00000000a1700000, 0x00000000a1700000| Untracked 
|  24|0x00000000a1800000, 0x00000000a1800000, 0x00000000a1900000|  0%| F|  |TAMS 0x00000000a1800000, 0x00000000a1800000| Untracked 
|  25|0x00000000a1900000, 0x00000000a1900000, 0x00000000a1a00000|  0%| F|  |TAMS 0x00000000a1900000, 0x00000000a1900000| Untracked 
|  26|0x00000000a1a00000, 0x00000000a1a00000, 0x00000000a1b00000|  0%| F|  |TAMS 0x00000000a1a00000, 0x00000000a1a00000| Untracked 
|  27|0x00000000a1b00000, 0x00000000a1b00000, 0x00000000a1c00000|  0%| F|  |TAMS 0x00000000a1b00000, 0x00000000a1b00000| Untracked 
|  28|0x00000000a1c00000, 0x00000000a1c00000, 0x00000000a1d00000|  0%| F|  |TAMS 0x00000000a1c00000, 0x00000000a1c00000| Untracked 
|  29|0x00000000a1d00000, 0x00000000a1d00000, 0x00000000a1e00000|  0%| F|  |TAMS 0x00000000a1d00000, 0x00000000a1d00000| Untracked 
|  30|0x00000000a1e00000, 0x00000000a1e00000, 0x00000000a1f00000|  0%| F|  |TAMS 0x00000000a1e00000, 0x00000000a1e00000| Untracked 
|  31|0x00000000a1f00000, 0x00000000a1f00000, 0x00000000a2000000|  0%| F|  |TAMS 0x00000000a1f00000, 0x00000000a1f00000| Untracked 
|  32|0x00000000a2000000, 0x00000000a2000000, 0x00000000a2100000|  0%| F|  |TAMS 0x00000000a2000000, 0x00000000a2000000| Untracked 
|  33|0x00000000a2100000, 0x00000000a2100000, 0x00000000a2200000|  0%| F|  |TAMS 0x00000000a2100000, 0x00000000a2100000| Untracked 
|  34|0x00000000a2200000, 0x00000000a2200000, 0x00000000a2300000|  0%| F|  |TAMS 0x00000000a2200000, 0x00000000a2200000| Untracked 
|  35|0x00000000a2300000, 0x00000000a2300000, 0x00000000a2400000|  0%| F|  |TAMS 0x00000000a2300000, 0x00000000a2300000| Untracked 
|  36|0x00000000a2400000, 0x00000000a2400000, 0x00000000a2500000|  0%| F|  |TAMS 0x00000000a2400000, 0x00000000a2400000| Untracked 
|  37|0x00000000a2500000, 0x00000000a2500000, 0x00000000a2600000|  0%| F|  |TAMS 0x00000000a2500000, 0x00000000a2500000| Untracked 
|  38|0x00000000a2600000, 0x00000000a2600000, 0x00000000a2700000|  0%| F|  |TAMS 0x00000000a2600000, 0x00000000a2600000| Untracked 
|  39|0x00000000a2700000, 0x00000000a2700000, 0x00000000a2800000|  0%| F|  |TAMS 0x00000000a2700000, 0x00000000a2700000| Untracked 
|  40|0x00000000a2800000, 0x00000000a2800000, 0x00000000a2900000|  0%| F|  |TAMS 0x00000000a2800000, 0x00000000a2800000| Untracked 
|  41|0x00000000a2900000, 0x00000000a2900000, 0x00000000a2a00000|  0%| F|  |TAMS 0x00000000a2900000, 0x00000000a2900000| Untracked 
|  42|0x00000000a2a00000, 0x00000000a2a00000, 0x00000000a2b00000|  0%| F|  |TAMS 0x00000000a2a00000, 0x00000000a2a00000| Untracked 
|  43|0x00000000a2b00000, 0x00000000a2b00000, 0x00000000a2c00000|  0%| F|  |TAMS 0x00000000a2b00000, 0x00000000a2b00000| Untracked 
|  44|0x00000000a2c00000, 0x00000000a2c00000, 0x00000000a2d00000|  0%| F|  |TAMS 0x00000000a2c00000, 0x00000000a2c00000| Untracked 
|  45|0x00000000a2d00000, 0x00000000a2d00000, 0x00000000a2e00000|  0%| F|  |TAMS 0x00000000a2d00000, 0x00000000a2d00000| Untracked 
|  46|0x00000000a2e00000, 0x00000000a2e00000, 0x00000000a2f00000|  0%| F|  |TAMS 0x00000000a2e00000, 0x00000000a2e00000| Untracked 
|  47|0x00000000a2f00000, 0x00000000a2f00000, 0x00000000a3000000|  0%| F|  |TAMS 0x00000000a2f00000, 0x00000000a2f00000| Untracked 
|  48|0x00000000a3000000, 0x00000000a3000000, 0x00000000a3100000|  0%| F|  |TAMS 0x00000000a3000000, 0x00000000a3000000| Untracked 
|  49|0x00000000a3100000, 0x00000000a3100000, 0x00000000a3200000|  0%| F|  |TAMS 0x00000000a3100000, 0x00000000a3100000| Untracked 
|  50|0x00000000a3200000, 0x00000000a3200000, 0x00000000a3300000|  0%| F|  |TAMS 0x00000000a3200000, 0x00000000a3200000| Untracked 
|  51|0x00000000a3300000, 0x00000000a3300000, 0x00000000a3400000|  0%| F|  |TAMS 0x00000000a3300000, 0x00000000a3300000| Untracked 
|  52|0x00000000a3400000, 0x00000000a3465b08, 0x00000000a3500000| 39%| S|CS|TAMS 0x00000000a3400000, 0x00000000a3400000| Complete 
|  53|0x00000000a3500000, 0x00000000a3600000, 0x00000000a3600000|100%| S|CS|TAMS 0x00000000a3500000, 0x00000000a3500000| Complete 
|  54|0x00000000a3600000, 0x00000000a3700000, 0x00000000a3700000|100%| S|CS|TAMS 0x00000000a3600000, 0x00000000a3600000| Complete 
|  55|0x00000000a3700000, 0x00000000a3800000, 0x00000000a3800000|100%| S|CS|TAMS 0x00000000a3700000, 0x00000000a3700000| Complete 
|  56|0x00000000a3800000, 0x00000000a3900000, 0x00000000a3900000|100%| S|CS|TAMS 0x00000000a3800000, 0x00000000a3800000| Complete 
|  57|0x00000000a3900000, 0x00000000a3a00000, 0x00000000a3a00000|100%| S|CS|TAMS 0x00000000a3900000, 0x00000000a3900000| Complete 
|  58|0x00000000a3a00000, 0x00000000a3b00000, 0x00000000a3b00000|100%| S|CS|TAMS 0x00000000a3a00000, 0x00000000a3a00000| Complete 
|  59|0x00000000a3b00000, 0x00000000a3c00000, 0x00000000a3c00000|100%| S|CS|TAMS 0x00000000a3b00000, 0x00000000a3b00000| Complete 
|  60|0x00000000a3c00000, 0x00000000a3d00000, 0x00000000a3d00000|100%| S|CS|TAMS 0x00000000a3c00000, 0x00000000a3c00000| Complete 
|  61|0x00000000a3d00000, 0x00000000a3d00000, 0x00000000a3e00000|  0%| F|  |TAMS 0x00000000a3d00000, 0x00000000a3d00000| Untracked 
|  62|0x00000000a3e00000, 0x00000000a3e00000, 0x00000000a3f00000|  0%| F|  |TAMS 0x00000000a3e00000, 0x00000000a3e00000| Untracked 
|  63|0x00000000a3f00000, 0x00000000a3f00000, 0x00000000a4000000|  0%| F|  |TAMS 0x00000000a3f00000, 0x00000000a3f00000| Untracked 
|  64|0x00000000a4000000, 0x00000000a4000000, 0x00000000a4100000|  0%| F|  |TAMS 0x00000000a4000000, 0x00000000a4000000| Untracked 
|  65|0x00000000a4100000, 0x00000000a4100000, 0x00000000a4200000|  0%| F|  |TAMS 0x00000000a4100000, 0x00000000a4100000| Untracked 
|  66|0x00000000a4200000, 0x00000000a4200000, 0x00000000a4300000|  0%| F|  |TAMS 0x00000000a4200000, 0x00000000a4200000| Untracked 
|  67|0x00000000a4300000, 0x00000000a4300000, 0x00000000a4400000|  0%| F|  |TAMS 0x00000000a4300000, 0x00000000a4300000| Untracked 
|  68|0x00000000a4400000, 0x00000000a4400000, 0x00000000a4500000|  0%| F|  |TAMS 0x00000000a4400000, 0x00000000a4400000| Untracked 
|  69|0x00000000a4500000, 0x00000000a4500000, 0x00000000a4600000|  0%| F|  |TAMS 0x00000000a4500000, 0x00000000a4500000| Untracked 
|  70|0x00000000a4600000, 0x00000000a4600000, 0x00000000a4700000|  0%| F|  |TAMS 0x00000000a4600000, 0x00000000a4600000| Untracked 
|  71|0x00000000a4700000, 0x00000000a4700000, 0x00000000a4800000|  0%| F|  |TAMS 0x00000000a4700000, 0x00000000a4700000| Untracked 
|  72|0x00000000a4800000, 0x00000000a4800000, 0x00000000a4900000|  0%| F|  |TAMS 0x00000000a4800000, 0x00000000a4800000| Untracked 
|  73|0x00000000a4900000, 0x00000000a4900000, 0x00000000a4a00000|  0%| F|  |TAMS 0x00000000a4900000, 0x00000000a4900000| Untracked 
|  74|0x00000000a4a00000, 0x00000000a4a00000, 0x00000000a4b00000|  0%| F|  |TAMS 0x00000000a4a00000, 0x00000000a4a00000| Untracked 
|  75|0x00000000a4b00000, 0x00000000a4b00000, 0x00000000a4c00000|  0%| F|  |TAMS 0x00000000a4b00000, 0x00000000a4b00000| Untracked 
|  76|0x00000000a4c00000, 0x00000000a4c00000, 0x00000000a4d00000|  0%| F|  |TAMS 0x00000000a4c00000, 0x00000000a4c00000| Untracked 
|  77|0x00000000a4d00000, 0x00000000a4d00000, 0x00000000a4e00000|  0%| F|  |TAMS 0x00000000a4d00000, 0x00000000a4d00000| Untracked 
|  78|0x00000000a4e00000, 0x00000000a4e80800, 0x00000000a4f00000| 50%| E|  |TAMS 0x00000000a4e00000, 0x00000000a4e00000| Complete 
|  79|0x00000000a4f00000, 0x00000000a5000000, 0x00000000a5000000|100%| E|CS|TAMS 0x00000000a4f00000, 0x00000000a4f00000| Complete 
|  80|0x00000000a5000000, 0x00000000a5100000, 0x00000000a5100000|100%| E|CS|TAMS 0x00000000a5000000, 0x00000000a5000000| Complete 
|  81|0x00000000a5100000, 0x00000000a5200000, 0x00000000a5200000|100%| E|CS|TAMS 0x00000000a5100000, 0x00000000a5100000| Complete 
|  82|0x00000000a5200000, 0x00000000a5300000, 0x00000000a5300000|100%| E|CS|TAMS 0x00000000a5200000, 0x00000000a5200000| Complete 
|  83|0x00000000a5300000, 0x00000000a5400000, 0x00000000a5400000|100%| E|CS|TAMS 0x00000000a5300000, 0x00000000a5300000| Complete 
|  84|0x00000000a5400000, 0x00000000a5500000, 0x00000000a5500000|100%| E|CS|TAMS 0x00000000a5400000, 0x00000000a5400000| Complete 
|  85|0x00000000a5500000, 0x00000000a5600000, 0x00000000a5600000|100%| E|CS|TAMS 0x00000000a5500000, 0x00000000a5500000| Complete 
|  86|0x00000000a5600000, 0x00000000a5700000, 0x00000000a5700000|100%| E|CS|TAMS 0x00000000a5600000, 0x00000000a5600000| Complete 
|  87|0x00000000a5700000, 0x00000000a5800000, 0x00000000a5800000|100%| E|CS|TAMS 0x00000000a5700000, 0x00000000a5700000| Complete 
|  88|0x00000000a5800000, 0x00000000a5900000, 0x00000000a5900000|100%| E|CS|TAMS 0x00000000a5800000, 0x00000000a5800000| Complete 
|  89|0x00000000a5900000, 0x00000000a5a00000, 0x00000000a5a00000|100%| E|CS|TAMS 0x00000000a5900000, 0x00000000a5900000| Complete 
|  90|0x00000000a5a00000, 0x00000000a5b00000, 0x00000000a5b00000|100%| E|CS|TAMS 0x00000000a5a00000, 0x00000000a5a00000| Complete 
|  91|0x00000000a5b00000, 0x00000000a5c00000, 0x00000000a5c00000|100%| E|CS|TAMS 0x00000000a5b00000, 0x00000000a5b00000| Complete 
|  92|0x00000000a5c00000, 0x00000000a5d00000, 0x00000000a5d00000|100%| E|CS|TAMS 0x00000000a5c00000, 0x00000000a5c00000| Complete 
|  93|0x00000000a5d00000, 0x00000000a5e00000, 0x00000000a5e00000|100%| E|CS|TAMS 0x00000000a5d00000, 0x00000000a5d00000| Complete 
|  94|0x00000000a5e00000, 0x00000000a5f00000, 0x00000000a5f00000|100%| E|CS|TAMS 0x00000000a5e00000, 0x00000000a5e00000| Complete 
|  95|0x00000000a5f00000, 0x00000000a6000000, 0x00000000a6000000|100%| E|CS|TAMS 0x00000000a5f00000, 0x00000000a5f00000| Complete 
|  96|0x00000000a6000000, 0x00000000a6100000, 0x00000000a6100000|100%| E|CS|TAMS 0x00000000a6000000, 0x00000000a6000000| Complete 
|  97|0x00000000a6100000, 0x00000000a6200000, 0x00000000a6200000|100%| E|CS|TAMS 0x00000000a6100000, 0x00000000a6100000| Complete 
|  98|0x00000000a6200000, 0x00000000a6300000, 0x00000000a6300000|100%| E|CS|TAMS 0x00000000a6200000, 0x00000000a6200000| Complete 
|  99|0x00000000a6300000, 0x00000000a6400000, 0x00000000a6400000|100%| E|CS|TAMS 0x00000000a6300000, 0x00000000a6300000| Complete 
| 100|0x00000000a6400000, 0x00000000a6500000, 0x00000000a6500000|100%| E|CS|TAMS 0x00000000a6400000, 0x00000000a6400000| Complete 
| 101|0x00000000a6500000, 0x00000000a6600000, 0x00000000a6600000|100%| E|CS|TAMS 0x00000000a6500000, 0x00000000a6500000| Complete 
| 102|0x00000000a6600000, 0x00000000a6700000, 0x00000000a6700000|100%| E|CS|TAMS 0x00000000a6600000, 0x00000000a6600000| Complete 
| 103|0x00000000a6700000, 0x00000000a6800000, 0x00000000a6800000|100%| E|CS|TAMS 0x00000000a6700000, 0x00000000a6700000| Complete 
| 104|0x00000000a6800000, 0x00000000a6900000, 0x00000000a6900000|100%| E|CS|TAMS 0x00000000a6800000, 0x00000000a6800000| Complete 
| 105|0x00000000a6900000, 0x00000000a6a00000, 0x00000000a6a00000|100%| E|CS|TAMS 0x00000000a6900000, 0x00000000a6900000| Complete 
| 106|0x00000000a6a00000, 0x00000000a6b00000, 0x00000000a6b00000|100%| E|CS|TAMS 0x00000000a6a00000, 0x00000000a6a00000| Complete 
| 107|0x00000000a6b00000, 0x00000000a6c00000, 0x00000000a6c00000|100%| E|CS|TAMS 0x00000000a6b00000, 0x00000000a6b00000| Complete 
| 108|0x00000000a6c00000, 0x00000000a6d00000, 0x00000000a6d00000|100%| E|CS|TAMS 0x00000000a6c00000, 0x00000000a6c00000| Complete 
| 109|0x00000000a6d00000, 0x00000000a6e00000, 0x00000000a6e00000|100%| E|CS|TAMS 0x00000000a6d00000, 0x00000000a6d00000| Complete 
| 110|0x00000000a6e00000, 0x00000000a6f00000, 0x00000000a6f00000|100%| E|CS|TAMS 0x00000000a6e00000, 0x00000000a6e00000| Complete 
| 111|0x00000000a6f00000, 0x00000000a7000000, 0x00000000a7000000|100%| E|CS|TAMS 0x00000000a6f00000, 0x00000000a6f00000| Complete 
| 112|0x00000000a7000000, 0x00000000a7100000, 0x00000000a7100000|100%| E|CS|TAMS 0x00000000a7000000, 0x00000000a7000000| Complete 
| 113|0x00000000a7100000, 0x00000000a7200000, 0x00000000a7200000|100%| E|CS|TAMS 0x00000000a7100000, 0x00000000a7100000| Complete 
| 114|0x00000000a7200000, 0x00000000a7300000, 0x00000000a7300000|100%| E|CS|TAMS 0x00000000a7200000, 0x00000000a7200000| Complete 
| 115|0x00000000a7300000, 0x00000000a7400000, 0x00000000a7400000|100%| E|CS|TAMS 0x00000000a7300000, 0x00000000a7300000| Complete 
| 116|0x00000000a7400000, 0x00000000a7500000, 0x00000000a7500000|100%| E|CS|TAMS 0x00000000a7400000, 0x00000000a7400000| Complete 
| 117|0x00000000a7500000, 0x00000000a7600000, 0x00000000a7600000|100%| E|CS|TAMS 0x00000000a7500000, 0x00000000a7500000| Complete 
| 118|0x00000000a7600000, 0x00000000a7700000, 0x00000000a7700000|100%| E|CS|TAMS 0x00000000a7600000, 0x00000000a7600000| Complete 
| 119|0x00000000a7700000, 0x00000000a7800000, 0x00000000a7800000|100%| E|CS|TAMS 0x00000000a7700000, 0x00000000a7700000| Complete 
| 120|0x00000000a7800000, 0x00000000a7900000, 0x00000000a7900000|100%| E|CS|TAMS 0x00000000a7800000, 0x00000000a7800000| Complete 
| 121|0x00000000a7900000, 0x00000000a7a00000, 0x00000000a7a00000|100%| E|CS|TAMS 0x00000000a7900000, 0x00000000a7900000| Complete 
| 122|0x00000000a7a00000, 0x00000000a7b00000, 0x00000000a7b00000|100%| E|CS|TAMS 0x00000000a7a00000, 0x00000000a7a00000| Complete 
| 123|0x00000000a7b00000, 0x00000000a7c00000, 0x00000000a7c00000|100%| E|CS|TAMS 0x00000000a7b00000, 0x00000000a7b00000| Complete 
| 124|0x00000000a7c00000, 0x00000000a7d00000, 0x00000000a7d00000|100%| E|CS|TAMS 0x00000000a7c00000, 0x00000000a7c00000| Complete 
| 125|0x00000000a7d00000, 0x00000000a7e00000, 0x00000000a7e00000|100%| E|CS|TAMS 0x00000000a7d00000, 0x00000000a7d00000| Complete 
| 126|0x00000000a7e00000, 0x00000000a7f00000, 0x00000000a7f00000|100%| E|CS|TAMS 0x00000000a7e00000, 0x00000000a7e00000| Complete 
| 127|0x00000000a7f00000, 0x00000000a8000000, 0x00000000a8000000|100%| E|CS|TAMS 0x00000000a7f00000, 0x00000000a7f00000| Complete 

Card table byte_map: [0x000001fe14870000,0x000001fe14b70000] _byte_map_base: 0x000001fe14370000

Marking Bits (Prev, Next): (CMBitMap*) 0x000001fe01461240, (CMBitMap*) 0x000001fe01461208
 Prev Bits: [0x000001fe16670000, 0x000001fe17e70000)
 Next Bits: [0x000001fe14e70000, 0x000001fe16670000)

Polling page: 0x000001fe04f20000

Metaspace:

Usage:
  Non-class:     22.39 MB capacity,    22.03 MB ( 98%) used,   316.81 KB (  1%) free+waste,    54.31 KB ( <1%) overhead. 
      Class:      3.55 MB capacity,     3.32 MB ( 94%) used,   208.31 KB (  6%) free+waste,    27.50 KB ( <1%) overhead. 
       Both:     25.94 MB capacity,    25.34 MB ( 98%) used,   525.13 KB (  2%) free+waste,    81.81 KB ( <1%) overhead. 

Virtual space:
  Non-class space:       24.00 MB reserved,      22.50 MB ( 94%) committed 
      Class space:        1.00 GB reserved,       3.63 MB ( <1%) committed 
             Both:        1.02 GB reserved,      26.13 MB (  2%) committed 

Chunk freelists:
   Non-Class:  0 bytes
       Class:  14.00 KB
        Both:  14.00 KB

MaxMetaspaceSize: 17179869184.00 GB
CompressedClassSpaceSize: 1.00 GB

CodeHeap 'non-profiled nmethods': size=120064Kb used=1065Kb max_used=1065Kb free=118998Kb
 bounds [0x000001fe0ca00000, 0x000001fe0cc70000, 0x000001fe13f40000]
CodeHeap 'profiled nmethods': size=120000Kb used=4816Kb max_used=4816Kb free=115183Kb
 bounds [0x000001fe054d0000, 0x000001fe05990000, 0x000001fe0ca00000]
CodeHeap 'non-nmethods': size=5696Kb used=1159Kb max_used=1188Kb free=4536Kb
 bounds [0x000001fe04f40000, 0x000001fe051b0000, 0x000001fe054d0000]
 total_blobs=2759 nmethods=2256 adapters=414
 compilation: enabled
              stopped_count=0, restarted_count=0
 full_count=0

Compilation events (20 events):
Event: 3.762 Thread 0x000001fe1a4c3800 2223       3       com.google.common.base.Preconditions::checkElementIndex (8 bytes)
Event: 3.762 Thread 0x000001fe1a4c3800 nmethod 2223 0x000001fe0596de10 code [0x000001fe0596dfe0, 0x000001fe0596e298]
Event: 3.762 Thread 0x000001fe1a4c3800 2224       3       com.google.common.collect.RegularImmutableList::get (16 bytes)
Event: 3.763 Thread 0x000001fe1a4c3800 nmethod 2224 0x000001fe0596e410 code [0x000001fe0596e600, 0x000001fe0596e978]
Event: 3.795 Thread 0x000001fe1a4c3800 2225       3       jdk.internal.misc.VM::isSystemDomainLoader (17 bytes)
Event: 3.795 Thread 0x000001fe1a4c3800 nmethod 2225 0x000001fe0596eb90 code [0x000001fe0596ede0, 0x000001fe0596f758]
Event: 3.795 Thread 0x000001fe1a4c3800 2226       3       java.lang.invoke.DirectMethodHandle$Holder::invokeStatic (14 bytes)
Event: 3.796 Thread 0x000001fe1a4c3800 nmethod 2226 0x000001fe0596fa90 code [0x000001fe0596fc60, 0x000001fe05970158]
Event: 3.811 Thread 0x000001fe1a4c3800 2228       2       java.util.Arrays::copyOf (40 bytes)
Event: 3.811 Thread 0x000001fe1a4c3800 nmethod 2228 0x000001fe05970290 code [0x000001fe05970480, 0x000001fe05970848]
Event: 3.811 Thread 0x000001fe1a4c3800 2229       3       com.google.common.base.CharMatcher$IsEither::matches (22 bytes)
Event: 3.812 Thread 0x000001fe1a4c3800 nmethod 2229 0x000001fe05970a10 code [0x000001fe05970bc0, 0x000001fe05970d58]
Event: 3.816 Thread 0x000001fe1a4c3800 2230       3       java.util.Collections$UnmodifiableCollection::size (10 bytes)
Event: 3.816 Thread 0x000001fe1a4c3800 nmethod 2230 0x000001fe05970e10 code [0x000001fe05970fc0, 0x000001fe05971188]
Event: 3.816 Thread 0x000001fe1a4c3800 2231       3       java.util.Collections$UnmodifiableList::get (11 bytes)
Event: 3.816 Thread 0x000001fe1a4c3800 nmethod 2231 0x000001fe05971290 code [0x000001fe05971440, 0x000001fe05971608]
Event: 3.816 Thread 0x000001fe1a4c3800 2232       1       org.gradle.api.internal.file.pattern.EndOfPathMatcher::getMaxSegments (2 bytes)
Event: 3.816 Thread 0x000001fe1a4c3800 nmethod 2232 0x000001fe0cb09310 code [0x000001fe0cb094c0, 0x000001fe0cb09578]
Event: 3.816 Thread 0x000001fe1a4c3800 2233       3       org.gradle.api.internal.file.pattern.PatternMatcherFactory::compile (117 bytes)
Event: 3.817 Thread 0x000001fe1a4c3800 nmethod 2233 0x000001fe05971710 code [0x000001fe059719c0, 0x000001fe05972658]

GC Heap History (8 events):
Event: 0.565 GC heap before
{Heap before GC invocations=0 (full 0):
 garbage-first heap   total 131072K, used 19456K [0x00000000a0000000, 0x0000000100000000)
  region size 1024K, 14 young (14336K), 0 survivors (0K)
 Metaspace       used 6736K, capacity 6925K, committed 7168K, reserved 1056768K
  class space    used 582K, capacity 650K, committed 768K, reserved 1048576K
}
Event: 0.570 GC heap after
{Heap after GC invocations=1 (full 0):
 garbage-first heap   total 131072K, used 7956K [0x00000000a0000000, 0x0000000100000000)
  region size 1024K, 2 young (2048K), 2 survivors (2048K)
 Metaspace       used 6736K, capacity 6925K, committed 7168K, reserved 1056768K
  class space    used 582K, capacity 650K, committed 768K, reserved 1048576K
}
Event: 0.874 GC heap before
{Heap before GC invocations=1 (full 0):
 garbage-first heap   total 131072K, used 19220K [0x00000000a0000000, 0x0000000100000000)
  region size 1024K, 13 young (13312K), 2 survivors (2048K)
 Metaspace       used 9820K, capacity 9990K, committed 10112K, reserved 1058816K
  class space    used 1022K, capacity 1102K, committed 1152K, reserved 1048576K
}
Event: 0.879 GC heap after
{Heap after GC invocations=2 (full 0):
 garbage-first heap   total 131072K, used 9043K [0x00000000a0000000, 0x0000000100000000)
  region size 1024K, 2 young (2048K), 2 survivors (2048K)
 Metaspace       used 9820K, capacity 9990K, committed 10112K, reserved 1058816K
  class space    used 1022K, capacity 1102K, committed 1152K, reserved 1048576K
}
Event: 1.409 GC heap before
{Heap before GC invocations=2 (full 0):
 garbage-first heap   total 131072K, used 40787K [0x00000000a0000000, 0x0000000100000000)
  region size 1024K, 33 young (33792K), 2 survivors (2048K)
 Metaspace       used 10795K, capacity 11071K, committed 11264K, reserved 1058816K
  class space    used 1125K, capacity 1206K, committed 1280K, reserved 1048576K
}
Event: 1.413 GC heap after
{Heap after GC invocations=3 (full 0):
 garbage-first heap   total 131072K, used 11962K [0x00000000a0000000, 0x0000000100000000)
  region size 1024K, 4 young (4096K), 4 survivors (4096K)
 Metaspace       used 10795K, capacity 11071K, committed 11264K, reserved 1058816K
  class space    used 1125K, capacity 1206K, committed 1280K, reserved 1048576K
}
Event: 3.022 GC heap before
{Heap before GC invocations=3 (full 0):
 garbage-first heap   total 131072K, used 75450K [0x00000000a0000000, 0x0000000100000000)
  region size 1024K, 67 young (68608K), 4 survivors (4096K)
 Metaspace       used 20579K, capacity 21121K, committed 21248K, reserved 1067008K
  class space    used 2514K, capacity 2731K, committed 2816K, reserved 1048576K
}
Event: 3.034 GC heap after
{Heap after GC invocations=4 (full 0):
 garbage-first heap   total 131072K, used 16474K [0x00000000a0000000, 0x0000000100000000)
  region size 1024K, 9 young (9216K), 9 survivors (9216K)
 Metaspace       used 20579K, capacity 21121K, committed 21248K, reserved 1067008K
  class space    used 2514K, capacity 2731K, committed 2816K, reserved 1048576K
}

Deoptimization events (20 events):
Event: 3.307 Thread 0x000001fe1d0ed000 Uncommon trap: trap_request=0xffffffc6 fr.pc=0x000001fe0cad1180 relative=0x0000000000000780
Event: 3.307 Thread 0x000001fe1d0ed000 Uncommon trap: reason=bimorphic_or_optimized_type_check action=maybe_recompile pc=0x000001fe0cad1180 method=java.util.HashMap.putVal(ILjava/lang/Object;Ljava/lang/Object;ZZ)Ljava/lang/Object; @ 203 c2
Event: 3.307 Thread 0x000001fe1d0ed000 DEOPT PACKING pc=0x000001fe0cad1180 sp=0x000000631f8fcb80
Event: 3.307 Thread 0x000001fe1d0ed000 DEOPT UNPACKING pc=0x000001fe04f678af sp=0x000000631f8fcb10 mode 2
Event: 3.325 Thread 0x000001fe1d0ed000 Uncommon trap: trap_request=0xffffff4d fr.pc=0x000001fe0ca68654 relative=0x0000000000000094
Event: 3.325 Thread 0x000001fe1d0ed000 Uncommon trap: reason=unstable_if action=reinterpret pc=0x000001fe0ca68654 method=java.util.LinkedHashMap.afterNodeInsertion(Z)V @ 1 c2
Event: 3.325 Thread 0x000001fe1d0ed000 DEOPT PACKING pc=0x000001fe0ca68654 sp=0x000000631f8fc840
Event: 3.325 Thread 0x000001fe1d0ed000 DEOPT UNPACKING pc=0x000001fe04f678af sp=0x000000631f8fc7c0 mode 2
Event: 3.328 Thread 0x000001fe1d0ed000 Uncommon trap: trap_request=0xffffff4d fr.pc=0x000001fe0ca6aff8 relative=0x0000000000000238
Event: 3.328 Thread 0x000001fe1d0ed000 Uncommon trap: reason=unstable_if action=reinterpret pc=0x000001fe0ca6aff8 method=java.util.concurrent.ConcurrentHashMap.get(Ljava/lang/Object;)Ljava/lang/Object; @ 76 c2
Event: 3.328 Thread 0x000001fe1d0ed000 DEOPT PACKING pc=0x000001fe0ca6aff8 sp=0x000000631f8fa970
Event: 3.328 Thread 0x000001fe1d0ed000 DEOPT UNPACKING pc=0x000001fe04f678af sp=0x000000631f8fa8d8 mode 2
Event: 3.580 Thread 0x000001fe1d0ed000 Uncommon trap: trap_request=0xffffffcc fr.pc=0x000001fe0cb00d78 relative=0x00000000000002b8
Event: 3.580 Thread 0x000001fe1d0ed000 Uncommon trap: reason=intrinsic_or_type_checked_inlining action=make_not_entrant pc=0x000001fe0cb00d78 method=java.util.Arrays.copyOf([Ljava/lang/Object;ILjava/lang/Class;)[Ljava/lang/Object; @ 35 c2
Event: 3.580 Thread 0x000001fe1d0ed000 DEOPT PACKING pc=0x000001fe0cb00d78 sp=0x000000631f8fafa0
Event: 3.580 Thread 0x000001fe1d0ed000 DEOPT UNPACKING pc=0x000001fe04f678af sp=0x000000631f8faf30 mode 2
Event: 3.807 Thread 0x000001fe1d0ed000 Uncommon trap: trap_request=0xffffff7e fr.pc=0x000001fe0cb016cc relative=0x000000000000016c
Event: 3.807 Thread 0x000001fe1d0ed000 Uncommon trap: reason=predicate action=maybe_recompile pc=0x000001fe0cb016cc method=com.google.common.base.CharMatcher.indexIn(Ljava/lang/CharSequence;I)I @ 19 c2
Event: 3.807 Thread 0x000001fe1d0ed000 DEOPT PACKING pc=0x000001fe0cb016cc sp=0x000000631f8fb970
Event: 3.807 Thread 0x000001fe1d0ed000 DEOPT UNPACKING pc=0x000001fe04f678af sp=0x000000631f8fb900 mode 2

Classes redefined (0 events):
No events

Internal exceptions (20 events):
Event: 2.602 Thread 0x000001fe1d0ed000 Exception <a 'java/lang/NoSuchMethodError'{0x00000000a59f5a00}: 'void java.lang.invoke.DelegatingMethodHandle$Holder.reinvoke_L(java.lang.Object, java.lang.Object, java.lang.Object, java.lang.Object, java.lang.Object, java.lang.Object, java.lang.Object)'> (0x00000000a59f5a00) thrown at [./src/hotspot/share/interpreter/linkResolver.cpp, line 773]
Event: 2.854 Thread 0x000001fe1d0ed000 Exception <a 'java/lang/NoSuchMethodError'{0x00000000a480ed70}: 'java.lang.Object java.lang.invoke.DirectMethodHandle$Holder.invokeVirtual(java.lang.Object, java.lang.Object, java.lang.Object)'> (0x00000000a480ed70) thrown at [./src/hotspot/share/interpreter/linkResolver.cpp, line 773]
Event: 2.897 Thread 0x000001fe1d0ed000 Exception <a 'java/lang/NoSuchMethodError'{0x00000000a45b2a50}: 'void java.lang.invoke.DirectMethodHandle$Holder.invokeInterface(java.lang.Object, java.lang.Object)'> (0x00000000a45b2a50) thrown at [./src/hotspot/share/interpreter/linkResolver.cpp, line 773]
Event: 2.898 Thread 0x000001fe1d0ed000 Exception <a 'java/lang/IncompatibleClassChangeError'{0x00000000a45b5c00}: Found class java.lang.Object, but interface was expected> (0x00000000a45b5c00) thrown at [./src/hotspot/share/interpreter/linkResolver.cpp, line 839]
Event: 2.915 Thread 0x000001fe1d0ed000 Exception <a 'java/lang/NoSuchMethodError'{0x00000000a432af58}: 'void java.lang.invoke.DirectMethodHandle$Holder.invokeStaticInit(java.lang.Object)'> (0x00000000a432af58) thrown at [./src/hotspot/share/interpreter/linkResolver.cpp, line 773]
Event: 2.960 Thread 0x000001fe1d0ed000 Exception <a 'java/lang/NoSuchMethodError'{0x00000000a4196ca8}: 'java.lang.Object java.lang.invoke.DirectMethodHandle$Holder.invokeStatic(java.lang.Object, java.lang.Object, java.lang.Object, int)'> (0x00000000a4196ca8) thrown at [./src/hotspot/share/interpreter/linkResolver.cpp, line 773]
Event: 2.961 Thread 0x000001fe1d0ed000 Exception <a 'java/lang/NoSuchMethodError'{0x00000000a419ae70}: 'java.lang.Object java.lang.invoke.DirectMethodHandle$Holder.invokeSpecial(java.lang.Object, java.lang.Object, java.lang.Object, java.lang.Object, int)'> (0x00000000a419ae70) thrown at [./src/hotspot/share/interpreter/linkResolver.cpp, line 773]
Event: 2.961 Thread 0x000001fe1d0ed000 Exception <a 'java/lang/NoSuchMethodError'{0x00000000a419e858}: 'java.lang.Object java.lang.invoke.Invokers$Holder.linkToTargetMethod(java.lang.Object, java.lang.Object, int, java.lang.Object)'> (0x00000000a419e858) thrown at [./src/hotspot/share/interpreter/linkResolver.cpp, line 773]
Event: 3.052 Thread 0x000001fe1d0ed000 Exception <a 'java/lang/NoSuchMethodError'{0x00000000a7fe32b8}: 'int java.lang.invoke.DirectMethodHandle$Holder.invokeSpecialIFC(java.lang.Object, java.lang.Object, java.lang.Object, java.lang.Object)'> (0x00000000a7fe32b8) thrown at [./src/hotspot/share/interpreter/linkResolver.cpp, line 773]
Event: 3.054 Thread 0x000001fe1d0ed000 Exception <a 'java/lang/NoSuchMethodError'{0x00000000a7ff1078}: 'java.lang.Object java.lang.invoke.DirectMethodHandle$Holder.invokeInterface(java.lang.Object, java.lang.Object, java.lang.Object)'> (0x00000000a7ff1078) thrown at [./src/hotspot/share/interpreter/linkResolver.cpp, line 773]
Event: 3.054 Thread 0x000001fe1d0ed000 Exception <a 'java/lang/IncompatibleClassChangeError'{0x00000000a7ff4550}: Found class java.lang.Object, but interface was expected> (0x00000000a7ff4550) thrown at [./src/hotspot/share/interpreter/linkResolver.cpp, line 839]
Event: 3.064 Thread 0x000001fe1d0ed000 Exception <a 'java/lang/NoSuchMethodError'{0x00000000a7eaaa80}: 'void java.lang.invoke.DirectMethodHandle$Holder.invokeStatic(java.lang.Object, java.lang.Object, java.lang.Object, java.lang.Object, java.lang.Object)'> (0x00000000a7eaaa80) thrown at [./src/hotspot/share/interpreter/linkResolver.cpp, line 773]
Event: 3.136 Thread 0x000001fe1d0ed000 Exception <a 'java/lang/NoSuchMethodError'{0x00000000a7965588}: 'void java.lang.invoke.DirectMethodHandle$Holder.invokeSpecial(java.lang.Object, java.lang.Object)'> (0x00000000a7965588) thrown at [./src/hotspot/share/interpreter/linkResolver.cpp, line 773]
Event: 3.171 Thread 0x000001fe1d0ed000 Exception <a 'java/lang/NoSuchMethodError'{0x00000000a7799cd8}: 'java.lang.Object java.lang.invoke.DirectMethodHandle$Holder.invokeSpecial(java.lang.Object, java.lang.Object, java.lang.Object, java.lang.Object, java.lang.Object, java.lang.Object, java.lang.Object, java.lang.Object, java.lang.Object)'> (0x00000000a7799cd8) thrown at [./src/hotspot/share/interpreter/linkResolver.cpp, line 773]
Event: 3.258 Thread 0x000001fe1d0ed000 Exception <a 'java/lang/NoSuchMethodError'{0x00000000a6d11cc8}: 'java.lang.Object java.lang.invoke.DirectMethodHandle$Holder.invokeVirtual(java.lang.Object, java.lang.Object, java.lang.Object, java.lang.Object)'> (0x00000000a6d11cc8) thrown at [./src/hotspot/share/interpreter/linkResolver.cpp, line 773]
Event: 3.277 Thread 0x000001fe1d0ed000 Exception <a 'java/lang/NoSuchMethodError'{0x00000000a6bd9cc0}: 'java.lang.Object java.lang.invoke.Invokers$Holder.invoker(java.lang.Object, java.lang.Object, java.lang.Object, java.lang.Object, java.lang.Object)'> (0x00000000a6bd9cc0) thrown at [./src/hotspot/share/interpreter/linkResolver.cpp, line 773]
Event: 3.383 Thread 0x000001fe1d0ed000 Exception <a 'java/lang/NoSuchMethodError'{0x00000000a6628220}: 'void java.lang.invoke.DirectMethodHandle$Holder.invokeSpecial(java.lang.Object, java.lang.Object, java.lang.Object, java.lang.Object, java.lang.Object, java.lang.Object)'> (0x00000000a6628220) thrown at [./src/hotspot/share/interpreter/linkResolver.cpp, line 773]
Event: 3.402 Thread 0x000001fe1d0ed000 Exception <a 'java/lang/NoSuchMethodError'{0x00000000a66f3558}: 'void java.lang.invoke.DirectMethodHandle$Holder.invokeSpecial(java.lang.Object, java.lang.Object, java.lang.Object, java.lang.Object, java.lang.Object, java.lang.Object, java.lang.Object)'> (0x00000000a66f3558) thrown at [./src/hotspot/share/interpreter/linkResolver.cpp, line 773]
Event: 3.403 Thread 0x000001fe1d0ed000 Exception <a 'java/lang/NoSuchMethodError'{0x00000000a66fb7a0}: 'java.lang.Object java.lang.invoke.Invokers$Holder.linkToTargetMethod(java.lang.Object, java.lang.Object, java.lang.Object, java.lang.Object, java.lang.Object, java.lang.Object)'> (0x00000000a66fb7a0) thrown at [./src/hotspot/share/interpreter/linkResolver.cpp, line 773]
Event: 3.640 Thread 0x000001fe1d0ed000 Exception <a 'java/lang/NoSuchMethodError'{0x00000000a582e010}: 'void java.lang.invoke.DirectMethodHandle$Holder.invokeStaticInit(java.lang.Object, java.lang.Object)'> (0x00000000a582e010) thrown at [./src/hotspot/share/interpreter/linkResolver.cpp, line 773]

Events (20 events):
Event: 3.818 loading class org/gradle/internal/operations/BuildOperationState
Event: 3.818 loading class org/gradle/internal/operations/BuildOperationState done
Event: 3.818 loading class org/gradle/internal/operations/DefaultBuildOperationExecutor
Event: 3.818 loading class org/gradle/internal/operations/DefaultBuildOperationExecutor done
Event: 3.818 loading class org/gradle/internal/operations/DefaultBuildOperationRunner$CallableBuildOperationWorker
Event: 3.818 loading class org/gradle/internal/operations/DefaultBuildOperationRunner$CallableBuildOperationWorker done
Event: 3.819 loading class org/gradle/internal/operations/BuildOperationDescriptor
Event: 3.819 loading class org/gradle/internal/operations/BuildOperationDescriptor done
Event: 3.819 loading class org/gradle/internal/operations/BuildOperationDescriptor$Builder
Event: 3.819 loading class org/gradle/internal/operations/BuildOperationDescriptor$Builder done
Event: 3.819 loading class org/gradle/internal/operations/BuildOperationMetadata
Event: 3.819 loading class org/gradle/internal/operations/BuildOperationMetadata done
Event: 3.819 loading class org/gradle/internal/operations/BuildOperationMetadata$1
Event: 3.819 loading class org/gradle/internal/operations/BuildOperationMetadata$1 done
Event: 3.819 loading class org/gradle/internal/operations/DefaultBuildOperationRunner$3
Event: 3.819 loading class org/gradle/internal/operations/DefaultBuildOperationRunner$3 done
Event: 3.820 loading class org/gradle/internal/operations/OperationIdentifier
Event: 3.820 loading class org/gradle/internal/operations/OperationIdentifier done
Event: 3.821 loading class org/gradle/internal/operations/DefaultBuildOperationRunner$DefaultBuildOperationContext
Event: 3.821 loading class org/gradle/internal/operations/DefaultBuildOperationRunner$DefaultBuildOperationContext done


Dynamic libraries:
0x00007ff658cc0000 - 0x00007ff658cca000 	C:\Program Files\Android\Android Studio\jre\bin\java.exe
0x00007ffac7cf0000 - 0x00007ffac7ee5000 	C:\Windows\SYSTEM32\ntdll.dll
0x00007ffac7840000 - 0x00007ffac78fd000 	C:\Windows\System32\KERNEL32.DLL
0x00007ffac54c0000 - 0x00007ffac5789000 	C:\Windows\System32\KERNELBASE.dll
0x00007ffac5830000 - 0x00007ffac5930000 	C:\Windows\System32\ucrtbase.dll
0x00007ffabfab0000 - 0x00007ffabfac9000 	C:\Program Files\Android\Android Studio\jre\bin\jli.dll
0x00007ffac1110000 - 0x00007ffac1127000 	C:\Program Files\Android\Android Studio\jre\bin\VCRUNTIME140.dll
0x00007ffac7a30000 - 0x00007ffac7bd0000 	C:\Windows\System32\USER32.dll
0x00007ffac5490000 - 0x00007ffac54b2000 	C:\Windows\System32\win32u.dll
0x00007ffab6180000 - 0x00007ffab641a000 	C:\Windows\WinSxS\amd64_microsoft.windows.common-controls_6595b64144ccf1df_6.0.19041.1110_none_60b5254171f9507e\COMCTL32.dll
0x00007ffac66e0000 - 0x00007ffac670a000 	C:\Windows\System32\GDI32.dll
0x00007ffac7220000 - 0x00007ffac72be000 	C:\Windows\System32\msvcrt.dll
0x00007ffac5c50000 - 0x00007ffac5d5b000 	C:\Windows\System32\gdi32full.dll
0x00007ffac5790000 - 0x00007ffac582d000 	C:\Windows\System32\msvcp_win.dll
0x00007ffac7c80000 - 0x00007ffac7cb0000 	C:\Windows\System32\IMM32.DLL
0x00007ffab4ee0000 - 0x00007ffab4f7d000 	C:\Program Files\Android\Android Studio\jre\bin\msvcp140.dll
0x00007ffa86000000 - 0x00007ffa86acf000 	C:\Program Files\Android\Android Studio\jre\bin\server\jvm.dll
0x00007ffac7bd0000 - 0x00007ffac7c7c000 	C:\Windows\System32\ADVAPI32.dll
0x00007ffac7330000 - 0x00007ffac73cb000 	C:\Windows\System32\sechost.dll
0x00007ffac6f40000 - 0x00007ffac706a000 	C:\Windows\System32\RPCRT4.dll
0x00007ffac5d60000 - 0x00007ffac5d68000 	C:\Windows\System32\PSAPI.DLL
0x00007ffac1bf0000 - 0x00007ffac1bf9000 	C:\Windows\SYSTEM32\WSOCK32.dll
0x00007ffac2a70000 - 0x00007ffac2a97000 	C:\Windows\SYSTEM32\WINMM.dll
0x00007ffabaae0000 - 0x00007ffabaaea000 	C:\Windows\SYSTEM32\VERSION.dll
0x00007ffac7070000 - 0x00007ffac70db000 	C:\Windows\System32\WS2_32.dll
0x00007ffac3570000 - 0x00007ffac3582000 	C:\Windows\SYSTEM32\kernel.appcore.dll
0x00007ffac08b0000 - 0x00007ffac08c1000 	C:\Program Files\Android\Android Studio\jre\bin\verify.dll
0x00007ffabb960000 - 0x00007ffabbb44000 	C:\Windows\SYSTEM32\DBGHELP.DLL
0x00007ffabb930000 - 0x00007ffabb95c000 	C:\Windows\SYSTEM32\dbgcore.DLL
0x00007ffac5a10000 - 0x00007ffac5a93000 	C:\Windows\System32\bcryptPrimitives.dll
0x00007ffabe9f0000 - 0x00007ffabea19000 	C:\Program Files\Android\Android Studio\jre\bin\java.dll
0x00007ffac0e00000 - 0x00007ffac0e0b000 	C:\Program Files\Android\Android Studio\jre\bin\jimage.dll
0x00007ffabeb80000 - 0x00007ffabeb98000 	C:\Program Files\Android\Android Studio\jre\bin\zip.dll
0x00007ffac5dd0000 - 0x00007ffac650f000 	C:\Windows\System32\SHELL32.dll
0x00007ffac3630000 - 0x00007ffac3dc1000 	C:\Windows\SYSTEM32\windows.storage.dll
0x00007ffac74e0000 - 0x00007ffac7835000 	C:\Windows\System32\combase.dll
0x00007ffac4ea0000 - 0x00007ffac4ecc000 	C:\Windows\SYSTEM32\Wldp.dll
0x00007ffac6510000 - 0x00007ffac65be000 	C:\Windows\System32\SHCORE.dll
0x00007ffac5d70000 - 0x00007ffac5dc5000 	C:\Windows\System32\shlwapi.dll
0x00007ffac5370000 - 0x00007ffac538f000 	C:\Windows\SYSTEM32\profapi.dll
0x00007ffabe9d0000 - 0x00007ffabe9ea000 	C:\Program Files\Android\Android Studio\jre\bin\net.dll
0x00007ffabc150000 - 0x00007ffabc25a000 	C:\Windows\SYSTEM32\WINHTTP.dll
0x00007ffac4c00000 - 0x00007ffac4c6a000 	C:\Windows\system32\mswsock.dll
0x00007ffab52b0000 - 0x00007ffab52c4000 	C:\Program Files\Android\Android Studio\jre\bin\nio.dll
0x00007ffab8a80000 - 0x00007ffab8aa7000 	C:\Users\hazza\.gradle\native\8bec1ad78214c89d9ad589b4d07fe93259594b29d510b10fafb7a158f7737e5d\windows-amd64\native-platform.dll
0x00007ffaac300000 - 0x00007ffaac43d000 	C:\Users\hazza\.gradle\native\53dbd7edfb1c66fb8903c78663c9afc45aea4f116125fa6feffd364cf09443e8\windows-amd64\native-platform-file-events.dll
0x00007ffac0950000 - 0x00007ffac095a000 	C:\Program Files\Android\Android Studio\jre\bin\management.dll
0x00007ffac0100000 - 0x00007ffac010c000 	C:\Program Files\Android\Android Studio\jre\bin\management_ext.dll
0x00007ffac4de0000 - 0x00007ffac4df8000 	C:\Windows\SYSTEM32\CRYPTSP.dll
0x00007ffac4530000 - 0x00007ffac4564000 	C:\Windows\system32\rsaenh.dll
0x00007ffac59e0000 - 0x00007ffac5a07000 	C:\Windows\System32\bcrypt.dll
0x00007ffac52f0000 - 0x00007ffac531e000 	C:\Windows\SYSTEM32\USERENV.dll
0x00007ffac4e00000 - 0x00007ffac4e0c000 	C:\Windows\SYSTEM32\CRYPTBASE.dll
0x00007ffac48a0000 - 0x00007ffac48db000 	C:\Windows\SYSTEM32\IPHLPAPI.DLL
0x00007ffac6dd0000 - 0x00007ffac6dd8000 	C:\Windows\System32\NSI.dll
0x00007ffac04d0000 - 0x00007ffac04e7000 	C:\Windows\SYSTEM32\dhcpcsvc6.DLL
0x00007ffac0200000 - 0x00007ffac021d000 	C:\Windows\SYSTEM32\dhcpcsvc.DLL
0x00007ffac48f0000 - 0x00007ffac49bc000 	C:\Windows\SYSTEM32\DNSAPI.dll

dbghelp: loaded successfully - version: 4.0.5 - missing functions: none
symbol engine: initialized successfully - sym options: 0x614 - pdb path: .;C:\Program Files\Android\Android Studio\jre\bin;C:\Windows\SYSTEM32;C:\Windows\WinSxS\amd64_microsoft.windows.common-controls_6595b64144ccf1df_6.0.19041.1110_none_60b5254171f9507e;C:\Program Files\Android\Android Studio\jre\bin\server;C:\Users\hazza\.gradle\native\8bec1ad78214c89d9ad589b4d07fe93259594b29d510b10fafb7a158f7737e5d\windows-amd64;C:\Users\hazza\.gradle\native\53dbd7edfb1c66fb8903c78663c9afc45aea4f116125fa6feffd364cf09443e8\windows-amd64

VM Arguments:
jvm_args: --add-opens=java.base/java.util=ALL-UNNAMED --add-opens=java.base/java.lang=ALL-UNNAMED --add-opens=java.base/java.lang.invoke=ALL-UNNAMED --add-opens=java.base/java.util=ALL-UNNAMED --add-opens=java.prefs/java.util.prefs=ALL-UNNAMED --add-opens=java.prefs/java.util.prefs=ALL-UNNAMED --add-opens=java.base/java.nio.charset=ALL-UNNAMED --add-opens=java.base/java.net=ALL-UNNAMED --add-opens=java.base/java.util.concurrent.atomic=ALL-UNNAMED -Xmx1536m -Dfile.encoding=windows-1252 -Duser.country=US -Duser.language=en -Duser.variant 
java_command: org.gradle.launcher.daemon.bootstrap.GradleDaemon 7.0.2
java_class_path (initial): C:\Users\hazza\.gradle\wrapper\dists\gradle-7.0.2-all\7era6s5ay7zsbhuvl0oc9g94s\gradle-7.0.2\lib\gradle-launcher-7.0.2.jar
Launcher Type: SUN_STANDARD

[Global flags]
     intx CICompilerCount                          = 3                                         {product} {ergonomic}
     uint ConcGCThreads                            = 1                                         {product} {ergonomic}
     uint G1ConcRefinementThreads                  = 4                                         {product} {ergonomic}
   size_t G1HeapRegionSize                         = 1048576                                   {product} {ergonomic}
    uintx GCDrainStackTargetSize                   = 64                                        {product} {ergonomic}
   size_t InitialHeapSize                          = 134217728                                 {product} {ergonomic}
   size_t MarkStackSize                            = 4194304                                   {product} {ergonomic}
   size_t MaxHeapSize                              = 1610612736                                {product} {command line}
   size_t MaxNewSize                               = 965738496                                 {product} {ergonomic}
   size_t MinHeapDeltaBytes                        = 1048576                                   {product} {ergonomic}
    uintx NonNMethodCodeHeapSize                   = 5830732                                {pd product} {ergonomic}
    uintx NonProfiledCodeHeapSize                  = 122913754                              {pd product} {ergonomic}
    uintx ProfiledCodeHeapSize                     = 122913754                              {pd product} {ergonomic}
    uintx ReservedCodeCacheSize                    = 251658240                              {pd product} {ergonomic}
     bool SegmentedCodeCache                       = true                                      {product} {ergonomic}
     bool UseCompressedClassPointers               = true                                 {lp64_product} {ergonomic}
     bool UseCompressedOops                        = true                                 {lp64_product} {ergonomic}
     bool UseG1GC                                  = true                                      {product} {ergonomic}
     bool UseLargePagesIndividualAllocation        = false                                  {pd product} {ergonomic}

Logging:
Log output configuration:
 #0: stdout all=warning uptime,level,tags
 #1: stderr all=off uptime,level,tags

Environment Variables:
PATH=C:\Windows\system32;C:\Windows;C:\Windows\System32\Wbem;C:\Windows\System32\WindowsPowerShell\v1.0\;C:\Windows\System32\OpenSSH\;C:\Users\hazza\AppData\Local\Microsoft\WindowsApps
USERNAME=hazza
OS=Windows_NT
PROCESSOR_IDENTIFIER=Intel64 Family 6 Model 60 Stepping 3, GenuineIntel



---------------  S Y S T E M  ---------------

OS: Windows 10 , 64 bit Build 19041 (10.0.19041.1023)
OS uptime: 12 days 1:40 hours

CPU:total 4 (initial active 4) (2 cores per cpu, 2 threads per core) family 6 model 60 stepping 3 microcode 0x27, cmov, cx8, fxsr, mmx, sse, sse2, sse3, ssse3, sse4.1, sse4.2, popcnt, avx, avx2, aes, clmul, erms, lzcnt, ht, tsc, tscinvbit, bmi1, bmi2, fma

Memory: 4k page, system-wide physical 8073M (488M free)
TotalPageFile size 13041M (AvailPageFile size 19M)
current process WorkingSet (physical memory assigned to process): 207M, peak: 207M
current process commit charge ("private bytes"): 280M, peak: 280M

vm_info: OpenJDK 64-Bit Server VM (11.0.10+0-b96-7249189) for windows-amd64 JRE (11.0.10+0-b96-7249189), built on Mar 31 2021 21:44:00 by "builder" with MS VC++ 14.0 (VS2015)

END.
